2025/11/23 16:28:22 logger.go:19: ERROR: EOF
2025/11/23 16:29:06 logger.go:19: ERROR: EOF
2025/11/23 16:30:23 logger.go:19: ERROR: EOF
2025/11/23 16:30:24 logger.go:19: ERROR: EOF
2025/11/23 16:30:24 logger.go:19: ERROR: EOF
2025/11/23 16:30:24 logger.go:19: ERROR: EOF
2025/11/23 16:30:24 logger.go:19: ERROR: EOF
2025/11/23 16:30:24 logger.go:19: ERROR: EOF
2025/11/23 16:30:25 logger.go:19: ERROR: EOF
2025/11/23 16:30:25 logger.go:19: ERROR: EOF
2025/11/23 16:30:25 logger.go:19: ERROR: EOF
2025/11/23 16:30:29 logger.go:19: ERROR: EOF
2025/11/23 16:30:32 logger.go:19: ERROR: EOF
2025/11/23 16:30:34 logger.go:19: ERROR: EOF
2025/11/23 16:30:36 logger.go:19: ERROR: EOF
2025/11/23 16:30:41 logger.go:19: ERROR: EOF
2025/11/23 16:30:57 logger.go:19: ERROR: EOF
2025/11/23 16:30:59 logger.go:19: ERROR: EOF
2025/11/23 16:31:07 logger.go:19: ERROR: EOF
2026/01/01 21:05:24 logger.go:29: INFO: CUSTOM THEME DISABLED
2026/01/01 21:07:30 logger.go:29: INFO: CUSTOM THEME DISABLED
2026/01/01 21:07:53 logger.go:29: INFO: CUSTOM THEME DISABLED
2026/01/01 21:12:14 logger.go:29: INFO: CUSTOM THEME DISABLED
2026/01/01 21:12:29 logger.go:29: INFO: CUSTOM THEME DISABLED
2026/01/01 21:12:33 logger.go:29: INFO: CUSTOM THEME DISABLED
2026/01/01 21:12:58 logger.go:29: INFO: CUSTOM THEME DISABLED
2026/01/01 21:13:28 logger.go:29: INFO: CUSTOM THEME DISABLED
2026/01/01 21:13:34 logger.go:29: INFO: CUSTOM THEME DISABLED
2026/01/01 21:13:37 logger.go:29: INFO: CUSTOM THEME DISABLED
2026/01/01 21:13:41 logger.go:29: INFO: CUSTOM THEME DISABLED
2026/01/01 21:14:00 logger.go:29: INFO: CUSTOM THEME DISABLED
2026/01/01 21:14:09 logger.go:29: INFO: CUSTOM THEME DISABLED
2026/01/01 21:16:33 logger.go:29: INFO: CUSTOM THEME DISABLED
2026/01/01 21:21:44 logger.go:29: INFO: CUSTOM THEME DISABLED
2026/01/01 21:22:17 logger.go:29: INFO: CUSTOM THEME DISABLED
2026/01/01 21:22:46 logger.go:29: INFO: CUSTOM THEME DISABLED
2026/01/01 21:23:28 logger.go:29: INFO: CUSTOM THEME DISABLED
2026/01/01 21:24:21 logger.go:29: INFO: CUSTOM THEME DISABLED
2026/01/01 21:24:44 logger.go:29: INFO: CUSTOM THEME DISABLED
2026/01/01 21:24:45 logger.go:29: INFO: CUSTOM THEME DISABLED
2026/01/01 21:26:18 logger.go:29: INFO: CUSTOM THEME DISABLED
2026/01/01 21:28:43 logger.go:29: INFO: CUSTOM THEME DISABLED
2026/01/01 21:29:57 logger.go:29: INFO: CUSTOM THEME DISABLED
2026/01/01 21:30:00 logger.go:29: INFO: CUSTOM THEME DISABLED
2026/01/01 21:31:33 logger.go:29: INFO: CUSTOM THEME DISABLED
2026/01/01 21:32:03 logger.go:29: INFO: CUSTOM THEME DISABLED
2026/01/01 21:32:26 logger.go:29: INFO: CUSTOM THEME DISABLED
2026/01/01 21:35:37 logger.go:29: INFO: CUSTOM THEME DISABLED
2026/01/01 21:35:51 logger.go:29: INFO: CUSTOM THEME DISABLED
2026/01/01 21:37:19 logger.go:29: INFO: CUSTOM THEME DISABLED
2026/01/01 21:37:19 logger.go:29: INFO: CUSTOM THEME DISABLED
2026/01/01 21:37:19 logger.go:29: INFO: CUSTOM THEME DISABLED
2026/01/01 21:37:19 logger.go:37: WARN: Failed to get active window on Wayland: no suitable tool found (Hyprctl, Wlrctl)
2026/01/01 21:37:19 logger.go:37: WARN: Failed to get active window on Wayland: no suitable tool found (Hyprctl, Wlrctl)
2026/01/01 21:38:56 logger.go:29: INFO: CUSTOM THEME DISABLED
2026/01/01 21:41:09 logger.go:29: INFO: CUSTOM THEME DISABLED
2026/01/01 21:41:23 logger.go:29: INFO: CUSTOM THEME DISABLED
2026/01/01 21:42:10 logger.go:29: INFO: CUSTOM THEME DISABLED
2026/01/01 21:43:12 logger.go:29: INFO: CUSTOM THEME DISABLED
2026/01/01 21:44:53 logger.go:29: INFO: CUSTOM THEME DISABLED
2026/01/01 21:53:27 logger.go:29: INFO: CUSTOM THEME DISABLED
2026/01/01 21:55:26 logger.go:29: INFO: CUSTOM THEME DISABLED
2026/01/01 21:57:18 logger.go:29: INFO: CUSTOM THEME DISABLED
2026/01/01 21:58:00 logger.go:29: INFO: CUSTOM THEME DISABLED
2026/01/01 21:59:10 logger.go:29: INFO: CUSTOM THEME DISABLED
2026/01/01 21:59:16 logger.go:29: INFO: CUSTOM THEME DISABLED
2026/01/01 21:59:19 logger.go:29: INFO: CUSTOM THEME DISABLED
2026/01/01 21:59:19 logger.go:29: INFO: CUSTOM THEME DISABLED
2026/01/01 21:59:28 logger.go:29: INFO: CUSTOM THEME DISABLED
2026/01/01 21:59:36 logger.go:29: INFO: CUSTOM THEME DISABLED
2026/01/01 21:59:40 logger.go:29: INFO: CUSTOM THEME DISABLED
2026/01/01 21:59:47 logger.go:29: INFO: CUSTOM THEME DISABLED
2026/01/01 21:59:51 logger.go:29: INFO: CUSTOM THEME DISABLED
2026/01/01 21:59:55 logger.go:29: INFO: CUSTOM THEME DISABLED
2026/01/01 22:01:26 logger.go:29: INFO: CUSTOM THEME DISABLED
2026/01/01 23:52:11 logger.go:29: INFO: CUSTOM THEME DISABLED
2026/01/01 23:54:33 logger.go:29: INFO: CUSTOM THEME DISABLED
2026/01/01 23:58:45 logger.go:29: INFO: CUSTOM THEME DISABLED
2026/01/01 23:59:42 logger.go:29: INFO: CUSTOM THEME DISABLED
2026/01/01 23:59:53 logger.go:29: INFO: CUSTOM THEME DISABLED
2026/01/02 00:01:33 logger.go:29: INFO: CUSTOM THEME DISABLED
2026/01/02 00:04:58 logger.go:29: INFO: CUSTOM THEME DISABLED
2026/01/02 00:06:23 logger.go:29: INFO: CUSTOM THEME DISABLED
2026/01/02 00:11:01 logger.go:29: INFO: CUSTOM THEME DISABLED
2026/01/02 00:13:23 logger.go:29: INFO: CUSTOM THEME DISABLED
2026/01/02 00:14:42 logger.go:29: INFO: CUSTOM THEME DISABLED
2026/01/02 00:14:44 logger.go:29: INFO: CUSTOM THEME DISABLED
2026/01/02 00:15:03 logger.go:29: INFO: CUSTOM THEME DISABLED
2026/01/02 00:15:52 logger.go:29: INFO: CUSTOM THEME DISABLED
2026/01/02 00:15:56 logger.go:29: INFO: CUSTOM THEME DISABLED
2026/01/02 00:16:12 logger.go:29: INFO: CUSTOM THEME DISABLED
2026/01/02 00:16:34 logger.go:29: INFO: CUSTOM THEME DISABLED
2026/01/02 00:17:37 logger.go:29: INFO: CUSTOM THEME DISABLED
2026/01/02 00:19:11 logger.go:29: INFO: CUSTOM THEME DISABLED
2026/01/02 00:26:24 logger.go:29: INFO: CUSTOM THEME DISABLED
2026/01/02 00:26:25 logger.go:29: INFO: CUSTOM THEME DISABLED
2026/01/02 00:27:28 logger.go:29: INFO: CUSTOM THEME DISABLED
2026/01/02 00:27:37 logger.go:29: INFO: CUSTOM THEME DISABLED
2026/01/02 00:27:38 logger.go:29: INFO: CUSTOM THEME DISABLED
2026/01/02 00:29:45 logger.go:29: INFO: CUSTOM THEME DISABLED
2026/01/02 11:11:40 logger.go:29: INFO: CUSTOM THEME DISABLED
2026/01/02 11:14:04 logger.go:29: INFO: CUSTOM THEME DISABLED
2026/01/02 11:15:20 logger.go:29: INFO: CUSTOM THEME DISABLED
2026/01/02 11:16:36 logger.go:29: INFO: CUSTOM THEME DISABLED
2026/01/02 11:18:23 logger.go:29: INFO: CUSTOM THEME DISABLED
2026/01/02 11:18:23 logger.go:29: INFO: CUSTOM THEME DISABLED
2026/01/02 11:19:15 logger.go:29: INFO: CUSTOM THEME DISABLED
2026/01/02 11:20:44 logger.go:29: INFO: CUSTOM THEME DISABLED
2026/01/02 11:22:10 logger.go:29: INFO: CUSTOM THEME DISABLED
2026/01/02 11:22:25 logger.go:29: INFO: CUSTOM THEME DISABLED
2026/01/02 11:25:01 logger.go:29: INFO: CUSTOM THEME DISABLED
2026/01/02 11:25:30 logger.go:29: INFO: CUSTOM THEME DISABLED
2026/01/02 11:26:29 logger.go:29: INFO: CUSTOM THEME DISABLED
2026/01/02 11:31:17 logger.go:29: INFO: CUSTOM THEME DISABLED
2026/01/02 11:31:33 logger.go:29: INFO: CUSTOM THEME DISABLED
2026/01/02 11:31:57 logger.go:29: INFO: CUSTOM THEME DISABLED
2026/01/02 11:32:25 logger.go:29: INFO: CUSTOM THEME DISABLED
2026/01/02 11:32:34 logger.go:29: INFO: CUSTOM THEME DISABLED
2026/01/02 11:33:56 logger.go:29: INFO: CUSTOM THEME DISABLED
2026/01/02 11:35:41 logger.go:29: INFO: CUSTOM THEME DISABLED
2026/01/02 11:35:41 logger.go:29: INFO: CUSTOM THEME DISABLED
2026/01/02 11:36:05 logger.go:29: INFO: CUSTOM THEME DISABLED
2026/01/02 11:36:28 logger.go:29: INFO: CUSTOM THEME DISABLED
2026/01/02 11:36:38 logger.go:29: INFO: CUSTOM THEME DISABLED
2026/01/02 11:37:16 logger.go:29: INFO: CUSTOM THEME DISABLED
2026/01/02 20:35:02 logger.go:29: INFO: CUSTOM THEME DISABLED
2026/01/02 20:37:24 logger.go:29: INFO: CUSTOM THEME DISABLED
2026/01/02 20:37:27 logger.go:29: INFO: CUSTOM THEME DISABLED
2026/01/02 20:44:04 logger.go:29: INFO: CUSTOM THEME DISABLED
2026/01/02 20:49:41 logger.go:29: INFO: CUSTOM THEME DISABLED
2026/01/02 20:51:08 logger.go:29: INFO: CUSTOM THEME DISABLED
2026/01/02 20:51:40 logger.go:29: INFO: CUSTOM THEME DISABLED
2026/01/02 20:51:48 logger.go:29: INFO: CUSTOM THEME DISABLED
2026/01/02 20:52:10 logger.go:29: INFO: CUSTOM THEME DISABLED
2026/01/02 20:56:35 logger.go:29: INFO: CUSTOM THEME DISABLED
2026/01/02 20:56:41 logger.go:29: INFO: CUSTOM THEME DISABLED
2026/01/02 20:56:41 logger.go:29: INFO: CUSTOM THEME DISABLED
2026/01/02 20:57:21 logger.go:29: INFO: CUSTOM THEME DISABLED
2026/01/02 20:57:52 logger.go:29: INFO: CUSTOM THEME DISABLED
2026/01/02 21:00:22 logger.go:29: INFO: CUSTOM THEME DISABLED
2026/01/02 21:00:29 logger.go:29: INFO: CUSTOM THEME DISABLED
2026/01/02 21:00:31 logger.go:29: INFO: CUSTOM THEME DISABLED
2026/01/02 21:00:41 logger.go:29: INFO: CUSTOM THEME DISABLED
2026/01/02 21:01:45 logger.go:29: INFO: CUSTOM THEME DISABLED
2026/01/02 21:01:47 logger.go:29: INFO: CUSTOM THEME DISABLED
2026/01/02 21:01:58 logger.go:29: INFO: CUSTOM THEME DISABLED
2026/01/02 21:03:01 logger.go:29: INFO: CUSTOM THEME DISABLED
2026/01/02 21:05:37 logger.go:29: INFO: CUSTOM THEME DISABLED
2026/01/02 21:05:53 logger.go:29: INFO: CUSTOM THEME DISABLED
2026/01/02 21:05:57 logger.go:29: INFO: CUSTOM THEME DISABLED
2026/01/02 21:06:02 logger.go:29: INFO: CUSTOM THEME DISABLED
2026/01/02 21:07:15 logger.go:29: INFO: CUSTOM THEME DISABLED
2026/01/02 21:12:08 logger.go:29: INFO: CUSTOM THEME DISABLED
2026/01/02 21:12:17 logger.go:29: INFO: CUSTOM THEME DISABLED
2026/01/02 21:12:27 logger.go:29: INFO: CUSTOM THEME DISABLED
2026/01/02 21:12:36 logger.go:29: INFO: CUSTOM THEME DISABLED
2026/01/02 21:12:39 logger.go:29: INFO: CUSTOM THEME DISABLED
2026/01/02 21:12:39 logger.go:29: INFO: CUSTOM THEME DISABLED
2026/01/02 21:12:39 logger.go:29: INFO: CUSTOM THEME DISABLED
2026/01/02 21:14:19 logger.go:29: INFO: CUSTOM THEME DISABLED
2026/01/02 21:14:28 logger.go:29: INFO: CUSTOM THEME DISABLED
2026/01/02 21:14:32 logger.go:29: INFO: CUSTOM THEME DISABLED
2026/01/02 21:15:50 logger.go:29: INFO: CUSTOM THEME DISABLED
2026/01/02 21:15:51 logger.go:29: INFO: CUSTOM THEME DISABLED
2026/01/02 21:15:51 logger.go:29: INFO: CUSTOM THEME DISABLED
2026/01/02 21:15:52 logger.go:29: INFO: CUSTOM THEME DISABLED
2026/01/02 21:16:29 logger.go:29: INFO: CUSTOM THEME DISABLED
2026/01/02 21:16:29 logger.go:29: INFO: CUSTOM THEME DISABLED
2026/01/02 21:16:29 logger.go:29: INFO: CUSTOM THEME DISABLED
2026/01/02 21:16:29 logger.go:29: INFO: CUSTOM THEME DISABLED
2026/01/02 21:16:29 logger.go:29: INFO: CUSTOM THEME DISABLED
2026/01/02 21:16:30 logger.go:29: INFO: CUSTOM THEME DISABLED
2026/01/02 21:16:32 logger.go:29: INFO: CUSTOM THEME DISABLED
2026/01/02 21:16:32 logger.go:29: INFO: CUSTOM THEME DISABLED
2026/01/02 21:16:37 logger.go:29: INFO: CUSTOM THEME DISABLED
2026/01/02 21:16:37 logger.go:29: INFO: CUSTOM THEME DISABLED
2026/01/02 21:16:45 logger.go:29: INFO: CUSTOM THEME DISABLED
2026/01/02 21:16:57 logger.go:29: INFO: CUSTOM THEME DISABLED
2026/01/02 21:17:03 logger.go:29: INFO: CUSTOM THEME DISABLED
2026/01/02 21:17:19 logger.go:29: INFO: CUSTOM THEME DISABLED
2026/01/02 21:18:22 logger.go:29: INFO: CUSTOM THEME DISABLED
2026/01/02 21:18:34 logger.go:29: INFO: CUSTOM THEME DISABLED
2026/01/02 21:19:47 logger.go:29: INFO: CUSTOM THEME DISABLED
2026/01/02 21:20:08 logger.go:29: INFO: CUSTOM THEME DISABLED
2026/01/02 21:21:04 logger.go:29: INFO: CUSTOM THEME DISABLED
2026/01/02 21:21:15 logger.go:29: INFO: CUSTOM THEME DISABLED
2026/01/02 21:21:28 logger.go:29: INFO: CUSTOM THEME DISABLED
2026/01/02 21:21:34 logger.go:29: INFO: CUSTOM THEME DISABLED
2026/01/02 21:21:40 logger.go:29: INFO: CUSTOM THEME DISABLED
2026/01/02 21:21:51 logger.go:29: INFO: CUSTOM THEME DISABLED
2026/01/02 21:21:55 logger.go:29: INFO: CUSTOM THEME DISABLED
2026/01/02 21:23:05 logger.go:29: INFO: CUSTOM THEME DISABLED
2026/01/02 21:25:04 logger.go:29: INFO: CUSTOM THEME DISABLED
2026/01/02 21:25:37 logger.go:29: INFO: CUSTOM THEME DISABLED
2026/01/02 21:25:49 logger.go:29: INFO: CUSTOM THEME DISABLED
2026/01/02 21:26:38 logger.go:29: INFO: CUSTOM THEME DISABLED
2026/01/02 21:26:39 logger.go:29: INFO: CUSTOM THEME DISABLED
2026/01/02 21:27:47 logger.go:29: INFO: CUSTOM THEME DISABLED
2026/01/02 21:27:55 logger.go:29: INFO: CUSTOM THEME DISABLED
2026/01/02 21:28:09 logger.go:29: INFO: CUSTOM THEME DISABLED
2026/01/02 21:28:34 logger.go:29: INFO: CUSTOM THEME DISABLED
2026/01/02 21:28:56 logger.go:29: INFO: CUSTOM THEME DISABLED
2026/01/02 21:30:13 logger.go:29: INFO: CUSTOM THEME DISABLED
2026/01/02 21:31:02 logger.go:29: INFO: CUSTOM THEME DISABLED
2026/01/02 21:31:10 logger.go:29: INFO: CUSTOM THEME DISABLED
2026/01/02 21:31:11 logger.go:29: INFO: CUSTOM THEME DISABLED
2026/01/02 21:31:19 logger.go:29: INFO: CUSTOM THEME DISABLED
2026/01/02 21:31:19 logger.go:29: INFO: CUSTOM THEME DISABLED
2026/01/02 21:31:19 logger.go:29: INFO: CUSTOM THEME DISABLED
2026/01/02 21:31:19 logger.go:29: INFO: CUSTOM THEME DISABLED
2026/01/02 21:31:20 logger.go:29: INFO: CUSTOM THEME DISABLED
2026/01/02 21:31:20 logger.go:29: INFO: CUSTOM THEME DISABLED
2026/01/02 21:31:20 logger.go:29: INFO: CUSTOM THEME DISABLED
2026/01/02 21:31:20 logger.go:29: INFO: CUSTOM THEME DISABLED
2026/01/02 21:31:21 logger.go:29: INFO: CUSTOM THEME DISABLED
2026/01/02 21:34:59 logger.go:29: INFO: CUSTOM THEME DISABLED
2026/01/02 21:36:15 logger.go:29: INFO: CUSTOM THEME DISABLED
2026/01/02 21:36:48 logger.go:29: INFO: CUSTOM THEME DISABLED
2026/01/02 21:36:54 logger.go:29: INFO: CUSTOM THEME DISABLED
2026/01/02 21:36:54 logger.go:29: INFO: CUSTOM THEME DISABLED
2026/01/02 21:36:55 logger.go:29: INFO: CUSTOM THEME DISABLED
2026/01/02 21:36:57 logger.go:29: INFO: CUSTOM THEME DISABLED
2026/01/02 21:37:08 logger.go:29: INFO: CUSTOM THEME DISABLED
2026/01/02 21:37:25 logger.go:29: INFO: CUSTOM THEME DISABLED
2026/01/02 21:37:39 logger.go:29: INFO: CUSTOM THEME DISABLED
2026/01/02 21:37:40 logger.go:29: INFO: CUSTOM THEME DISABLED
2026/01/02 21:37:40 logger.go:29: INFO: CUSTOM THEME DISABLED
2026/01/02 21:38:11 logger.go:29: INFO: CUSTOM THEME DISABLED
2026/01/02 21:38:23 logger.go:29: INFO: CUSTOM THEME DISABLED
2026/01/02 21:38:28 logger.go:29: INFO: CUSTOM THEME DISABLED
2026/01/02 21:38:34 logger.go:29: INFO: CUSTOM THEME DISABLED
2026/01/02 21:38:47 logger.go:29: INFO: CUSTOM THEME DISABLED
2026/01/02 21:38:52 logger.go:29: INFO: CUSTOM THEME DISABLED
2026/01/02 21:38:52 logger.go:29: INFO: CUSTOM THEME DISABLED
2026/01/02 21:38:53 logger.go:29: INFO: CUSTOM THEME DISABLED
2026/01/02 21:38:56 logger.go:29: INFO: CUSTOM THEME DISABLED
2026/01/02 21:38:56 logger.go:29: INFO: CUSTOM THEME DISABLED
2026/01/02 21:39:05 logger.go:29: INFO: CUSTOM THEME DISABLED
2026/01/02 21:39:39 logger.go:29: INFO: CUSTOM THEME DISABLED
2026/01/02 21:39:41 logger.go:29: INFO: CUSTOM THEME DISABLED
2026/01/02 21:39:41 logger.go:29: INFO: CUSTOM THEME DISABLED
2026/01/02 21:39:48 logger.go:29: INFO: CUSTOM THEME DISABLED
2026/01/02 21:43:24 logger.go:29: INFO: CUSTOM THEME DISABLED
2026/01/02 21:43:48 logger.go:29: INFO: CUSTOM THEME DISABLED
2026/01/02 21:44:03 logger.go:29: INFO: CUSTOM THEME DISABLED
2026/01/02 21:45:56 logger.go:29: INFO: CUSTOM THEME DISABLED
2026/01/02 21:46:20 logger.go:29: INFO: CUSTOM THEME DISABLED
2026/01/02 21:47:35 logger.go:29: INFO: CUSTOM THEME DISABLED
2026/01/02 21:47:43 logger.go:29: INFO: CUSTOM THEME DISABLED
2026/01/02 21:47:56 logger.go:29: INFO: CUSTOM THEME DISABLED
2026/01/02 21:48:09 logger.go:29: INFO: CUSTOM THEME DISABLED
2026/01/02 21:48:58 logger.go:29: INFO: CUSTOM THEME DISABLED
2026/01/02 21:49:42 logger.go:29: INFO: CUSTOM THEME DISABLED
2026/01/02 21:49:58 logger.go:29: INFO: CUSTOM THEME DISABLED
2026/01/02 21:50:33 logger.go:29: INFO: CUSTOM THEME DISABLED
2026/01/02 21:50:54 logger.go:29: INFO: CUSTOM THEME DISABLED
2026/01/02 21:51:20 logger.go:29: INFO: CUSTOM THEME DISABLED
2026/01/02 21:51:26 logger.go:29: INFO: CUSTOM THEME DISABLED
2026/01/02 21:51:29 logger.go:29: INFO: CUSTOM THEME DISABLED
2026/01/02 21:51:32 logger.go:29: INFO: CUSTOM THEME DISABLED
2026/01/02 21:51:38 logger.go:29: INFO: CUSTOM THEME DISABLED
2026/01/02 21:52:28 logger.go:29: INFO: CUSTOM THEME DISABLED
2026/01/02 21:53:11 logger.go:29: INFO: CUSTOM THEME DISABLED
2026/01/02 21:53:29 logger.go:29: INFO: CUSTOM THEME DISABLED
2026/01/02 21:53:38 logger.go:29: INFO: CUSTOM THEME DISABLED
2026/01/02 21:53:38 logger.go:29: INFO: CUSTOM THEME DISABLED
2026/01/02 21:54:32 logger.go:29: INFO: CUSTOM THEME DISABLED
2026/01/02 21:54:48 logger.go:29: INFO: CUSTOM THEME DISABLED
2026/01/02 21:55:25 logger.go:29: INFO: CUSTOM THEME DISABLED
2026/01/02 21:55:25 logger.go:29: INFO: CUSTOM THEME DISABLED
2026/01/02 21:55:26 logger.go:29: INFO: CUSTOM THEME DISABLED
2026/01/02 21:55:26 logger.go:29: INFO: CUSTOM THEME DISABLED
2026/01/02 21:55:26 logger.go:29: INFO: CUSTOM THEME DISABLED
2026/01/02 21:55:26 logger.go:29: INFO: CUSTOM THEME DISABLED
2026/01/02 21:55:27 logger.go:29: INFO: CUSTOM THEME DISABLED
2026/01/02 21:55:27 logger.go:29: INFO: CUSTOM THEME DISABLED
2026/01/02 21:55:27 logger.go:29: INFO: CUSTOM THEME DISABLED
2026/01/02 21:55:34 logger.go:29: INFO: CUSTOM THEME DISABLED
2026/01/02 21:55:34 logger.go:29: INFO: CUSTOM THEME DISABLED
2026/01/02 21:55:50 logger.go:29: INFO: CUSTOM THEME DISABLED
2026/01/02 21:55:50 logger.go:29: INFO: CUSTOM THEME DISABLED
2026/01/02 21:55:50 logger.go:29: INFO: CUSTOM THEME DISABLED
2026/01/02 21:55:51 logger.go:29: INFO: CUSTOM THEME DISABLED
2026/01/02 21:55:51 logger.go:29: INFO: CUSTOM THEME DISABLED
2026/01/02 21:55:51 logger.go:29: INFO: CUSTOM THEME DISABLED
2026/01/02 21:55:51 logger.go:29: INFO: CUSTOM THEME DISABLED
2026/01/02 21:55:51 logger.go:29: INFO: CUSTOM THEME DISABLED
2026/01/02 21:55:52 logger.go:29: INFO: CUSTOM THEME DISABLED
2026/01/02 21:56:00 logger.go:29: INFO: CUSTOM THEME DISABLED
2026/01/02 21:56:00 logger.go:29: INFO: CUSTOM THEME DISABLED
2026/01/02 21:56:00 logger.go:29: INFO: CUSTOM THEME DISABLED
2026/01/02 21:56:00 logger.go:29: INFO: CUSTOM THEME DISABLED
2026/01/02 21:56:00 logger.go:29: INFO: CUSTOM THEME DISABLED
2026/01/02 21:56:00 logger.go:29: INFO: CUSTOM THEME DISABLED
2026/01/02 21:56:01 logger.go:29: INFO: CUSTOM THEME DISABLED
2026/01/02 21:56:01 logger.go:29: INFO: CUSTOM THEME DISABLED
2026/01/02 21:56:01 logger.go:29: INFO: CUSTOM THEME DISABLED
2026/01/02 21:57:59 logger.go:29: INFO: CUSTOM THEME DISABLED
2026/01/02 21:58:13 logger.go:29: INFO: CUSTOM THEME DISABLED
2026/01/02 21:58:14 logger.go:29: INFO: CUSTOM THEME DISABLED
2026/01/02 21:58:25 logger.go:29: INFO: CUSTOM THEME DISABLED
2026/01/02 21:58:28 logger.go:29: INFO: CUSTOM THEME DISABLED
2026/01/02 21:58:39 logger.go:29: INFO: CUSTOM THEME DISABLED
2026/01/02 21:58:39 logger.go:29: INFO: CUSTOM THEME DISABLED
2026/01/02 21:58:39 logger.go:29: INFO: CUSTOM THEME DISABLED
2026/01/02 21:58:39 logger.go:29: INFO: CUSTOM THEME DISABLED
2026/01/02 21:58:39 logger.go:29: INFO: CUSTOM THEME DISABLED
2026/01/02 21:58:39 logger.go:29: INFO: CUSTOM THEME DISABLED
2026/01/02 21:58:39 logger.go:29: INFO: CUSTOM THEME DISABLED
2026/01/02 21:58:40 logger.go:29: INFO: CUSTOM THEME DISABLED
2026/01/02 21:58:40 logger.go:29: INFO: CUSTOM THEME DISABLED
2026/01/02 21:58:48 logger.go:29: INFO: CUSTOM THEME DISABLED
2026/01/02 21:59:08 logger.go:29: INFO: CUSTOM THEME DISABLED
2026/01/02 21:59:14 logger.go:29: INFO: CUSTOM THEME DISABLED
2026/01/02 21:59:14 logger.go:29: INFO: CUSTOM THEME DISABLED
2026/01/02 21:59:17 logger.go:29: INFO: CUSTOM THEME DISABLED
2026/01/02 21:59:20 logger.go:29: INFO: CUSTOM THEME DISABLED
2026/01/02 21:59:22 logger.go:29: INFO: CUSTOM THEME DISABLED
2026/01/02 21:59:23 logger.go:29: INFO: CUSTOM THEME DISABLED
2026/01/02 21:59:49 logger.go:29: INFO: CUSTOM THEME DISABLED
2026/01/02 22:01:46 logger.go:29: INFO: CUSTOM THEME DISABLED
2026/01/02 22:01:57 logger.go:29: INFO: CUSTOM THEME DISABLED
2026/01/02 22:02:28 logger.go:29: INFO: CUSTOM THEME DISABLED
2026/01/02 22:02:29 logger.go:29: INFO: CUSTOM THEME DISABLED
2026/01/02 22:02:43 logger.go:29: INFO: CUSTOM THEME DISABLED
2026/01/02 22:03:09 logger.go:29: INFO: CUSTOM THEME DISABLED
2026/01/02 22:03:22 logger.go:29: INFO: CUSTOM THEME DISABLED
2026/01/02 22:05:42 logger.go:29: INFO: CUSTOM THEME DISABLED
2026/01/02 22:05:42 logger.go:29: INFO: CUSTOM THEME DISABLED
2026/01/02 22:07:45 logger.go:29: INFO: CUSTOM THEME DISABLED
2026/01/02 22:10:00 logger.go:29: INFO: CUSTOM THEME DISABLED
2026/01/02 22:10:00 logger.go:29: INFO: CUSTOM THEME DISABLED
2026/01/02 22:10:09 logger.go:29: INFO: CUSTOM THEME DISABLED
2026/01/02 22:10:44 logger.go:29: INFO: CUSTOM THEME DISABLED
2026/01/02 22:11:17 logger.go:29: INFO: CUSTOM THEME DISABLED
2026/01/02 22:11:24 logger.go:29: INFO: CUSTOM THEME DISABLED
2026/01/02 22:11:24 logger.go:29: INFO: CUSTOM THEME DISABLED
2026/01/02 22:11:24 logger.go:29: INFO: CUSTOM THEME DISABLED
2026/01/02 22:11:24 logger.go:29: INFO: CUSTOM THEME DISABLED
2026/01/02 22:11:24 logger.go:29: INFO: CUSTOM THEME DISABLED
2026/01/02 22:14:31 logger.go:29: INFO: CUSTOM THEME DISABLED
2026/01/02 22:16:14 logger.go:29: INFO: CUSTOM THEME DISABLED
2026/01/02 22:16:50 logger.go:29: INFO: CUSTOM THEME DISABLED
2026/01/02 22:24:01 logger.go:29: INFO: CUSTOM THEME DISABLED
2026/01/02 22:24:15 logger.go:29: INFO: CUSTOM THEME DISABLED
2026/01/02 22:24:15 logger.go:29: INFO: CUSTOM THEME DISABLED
2026/01/02 22:24:41 logger.go:29: INFO: CUSTOM THEME DISABLED
2026/01/02 22:24:50 logger.go:29: INFO: CUSTOM THEME DISABLED
2026/01/02 22:24:51 logger.go:29: INFO: CUSTOM THEME DISABLED
2026/01/02 22:26:07 logger.go:29: INFO: CUSTOM THEME DISABLED
2026/01/02 22:26:08 logger.go:29: INFO: CUSTOM THEME DISABLED
2026/01/02 22:26:09 logger.go:29: INFO: CUSTOM THEME DISABLED
2026/01/02 22:26:16 logger.go:29: INFO: CUSTOM THEME DISABLED
2026/01/02 22:27:24 logger.go:29: INFO: CUSTOM THEME DISABLED
2026/01/02 22:27:45 logger.go:29: INFO: CUSTOM THEME DISABLED
2026/01/03 16:38:08 logger.go:29: INFO: CUSTOM THEME DISABLED
2026/01/03 16:41:08 logger.go:29: INFO: CUSTOM THEME DISABLED
2026/01/03 16:43:13 logger.go:29: INFO: CUSTOM THEME DISABLED
2026/01/03 16:54:30 logger.go:29: INFO: CUSTOM THEME DISABLED
2026/01/03 16:54:56 logger.go:29: INFO: CUSTOM THEME DISABLED
2026/01/03 16:57:56 logger.go:29: INFO: CUSTOM THEME DISABLED
2026/01/03 16:59:51 logger.go:29: INFO: CUSTOM THEME DISABLED
2026/01/03 17:01:02 logger.go:29: INFO: CUSTOM THEME DISABLED
2026/01/03 17:01:52 logger.go:29: INFO: CUSTOM THEME DISABLED
2026/01/03 17:10:25 logger.go:29: INFO: CUSTOM THEME DISABLED
2026/01/03 17:10:26 logger.go:29: INFO: CUSTOM THEME DISABLED
2026/01/03 17:10:48 logger.go:29: INFO: CUSTOM THEME DISABLED
2026/01/03 17:11:08 logger.go:29: INFO: CUSTOM THEME DISABLED
2026/01/03 17:11:41 logger.go:29: INFO: CUSTOM THEME DISABLED
2026/01/03 17:11:42 logger.go:29: INFO: CUSTOM THEME DISABLED
2026/01/03 17:12:17 logger.go:29: INFO: CUSTOM THEME DISABLED
2026/01/03 17:13:26 logger.go:29: INFO: CUSTOM THEME DISABLED
2026/01/03 17:13:28 logger.go:29: INFO: CUSTOM THEME DISABLED
2026/01/03 17:13:28 logger.go:29: INFO: CUSTOM THEME DISABLED
2026/01/03 17:13:48 logger.go:29: INFO: CUSTOM THEME DISABLED
2026/01/03 17:14:52 logger.go:29: INFO: CUSTOM THEME DISABLED
2026/01/03 17:15:36 logger.go:29: INFO: CUSTOM THEME DISABLED
2026/01/03 17:15:36 logger.go:29: INFO: CUSTOM THEME DISABLED
2026/01/03 17:15:55 logger.go:29: INFO: CUSTOM THEME DISABLED
2026/01/03 17:16:03 logger.go:29: INFO: CUSTOM THEME DISABLED
2026/01/03 17:16:04 logger.go:29: INFO: CUSTOM THEME DISABLED
2026/01/03 17:17:46 logger.go:29: INFO: CUSTOM THEME DISABLED
2026/01/03 17:17:46 logger.go:29: INFO: CUSTOM THEME DISABLED
2026/01/03 17:18:42 logger.go:29: INFO: CUSTOM THEME DISABLED
2026/01/03 17:18:43 logger.go:29: INFO: CUSTOM THEME DISABLED
2026/01/03 17:52:11 logger.go:29: INFO: CUSTOM THEME DISABLED
2026/01/03 17:57:29 logger.go:29: INFO: CUSTOM THEME DISABLED
2026/01/03 22:26:12 logger.go:29: INFO: CUSTOM THEME DISABLED
2026/01/03 22:26:20 logger.go:29: INFO: CUSTOM THEME DISABLED
2026/01/03 22:26:38 logger.go:29: INFO: CUSTOM THEME DISABLED
2026/01/03 22:34:18 logger.go:29: INFO: CUSTOM THEME DISABLED
2026/01/03 22:40:17 logger.go:29: INFO: CUSTOM THEME DISABLED
2026/01/03 22:42:01 logger.go:29: INFO: CUSTOM THEME DISABLED
2026/01/03 22:43:26 logger.go:29: INFO: CUSTOM THEME DISABLED
2026/01/03 22:43:46 logger.go:29: INFO: CUSTOM THEME DISABLED
2026/01/03 22:44:12 logger.go:29: INFO: CUSTOM THEME DISABLED
2026/01/03 22:51:51 logger.go:29: INFO: CUSTOM THEME DISABLED
2026/01/03 22:59:16 logger.go:29: INFO: CUSTOM THEME DISABLED
2026/01/03 23:01:18 logger.go:29: INFO: CUSTOM THEME DISABLED
2026/01/03 23:02:08 logger.go:29: INFO: CUSTOM THEME DISABLED
2026/01/03 23:07:57 logger.go:29: INFO: CUSTOM THEME DISABLED
2026/01/03 23:19:44 logger.go:29: INFO: CUSTOM THEME DISABLED
2026/01/03 23:24:31 logger.go:29: INFO: CUSTOM THEME DISABLED
2026/01/03 23:24:43 logger.go:29: INFO: CUSTOM THEME DISABLED
2026/01/04 14:12:11 logger.go:29: INFO: CUSTOM THEME DISABLED
2026/01/04 14:14:20 logger.go:29: INFO: CUSTOM THEME DISABLED
2026/01/04 14:16:19 logger.go:29: INFO: CUSTOM THEME DISABLED
2026/01/04 14:16:28 logger.go:29: INFO: CUSTOM THEME DISABLED
2026/01/04 14:16:31 logger.go:29: INFO: CUSTOM THEME DISABLED
2026/01/04 14:17:08 logger.go:29: INFO: CUSTOM THEME DISABLED
2026/01/04 14:17:17 logger.go:29: INFO: CUSTOM THEME DISABLED
2026/01/04 14:18:20 logger.go:29: INFO: CUSTOM THEME DISABLED
2026/01/04 14:18:57 logger.go:29: INFO: CUSTOM THEME DISABLED
2026/01/04 14:19:15 logger.go:29: INFO: CUSTOM THEME DISABLED
2026/01/04 14:19:39 logger.go:29: INFO: CUSTOM THEME DISABLED
2026/01/04 14:19:39 logger.go:29: INFO: CUSTOM THEME DISABLED
2026/01/04 14:19:40 logger.go:29: INFO: CUSTOM THEME DISABLED
2026/01/04 14:19:45 logger.go:29: INFO: CUSTOM THEME DISABLED
2026/01/04 14:19:46 logger.go:29: INFO: CUSTOM THEME DISABLED
2026/01/04 14:19:46 logger.go:29: INFO: CUSTOM THEME DISABLED
2026/01/04 14:19:47 logger.go:29: INFO: CUSTOM THEME DISABLED
2026/01/04 14:19:48 logger.go:29: INFO: CUSTOM THEME DISABLED
2026/01/04 14:19:51 logger.go:29: INFO: CUSTOM THEME DISABLED
2026/01/04 14:20:08 logger.go:29: INFO: CUSTOM THEME DISABLED
2026/01/04 14:20:30 logger.go:29: INFO: CUSTOM THEME DISABLED
2026/01/04 14:20:55 logger.go:29: INFO: CUSTOM THEME DISABLED
2026/01/04 14:20:56 logger.go:29: INFO: CUSTOM THEME DISABLED
2026/01/04 14:21:11 logger.go:29: INFO: CUSTOM THEME DISABLED
2026/01/04 14:21:13 logger.go:29: INFO: CUSTOM THEME DISABLED
2026/01/04 14:21:18 logger.go:29: INFO: CUSTOM THEME DISABLED
2026/01/04 14:21:23 logger.go:29: INFO: CUSTOM THEME DISABLED
2026/01/04 14:22:09 logger.go:29: INFO: CUSTOM THEME DISABLED
2026/01/04 14:22:16 logger.go:29: INFO: CUSTOM THEME DISABLED
2026/01/04 14:22:43 logger.go:29: INFO: CUSTOM THEME DISABLED
2026/01/04 14:22:53 logger.go:29: INFO: CUSTOM THEME DISABLED
2026/01/04 14:22:55 logger.go:29: INFO: CUSTOM THEME DISABLED
2026/01/04 14:23:26 logger.go:29: INFO: CUSTOM THEME DISABLED
2026/01/04 14:23:26 logger.go:29: INFO: CUSTOM THEME DISABLED
2026/01/04 14:23:28 logger.go:29: INFO: CUSTOM THEME DISABLED
2026/01/04 14:23:28 logger.go:29: INFO: CUSTOM THEME DISABLED
2026/01/04 14:23:33 logger.go:29: INFO: CUSTOM THEME DISABLED
2026/01/04 14:23:35 logger.go:29: INFO: CUSTOM THEME DISABLED
2026/01/04 14:23:35 logger.go:29: INFO: CUSTOM THEME DISABLED
2026/01/04 14:23:38 logger.go:29: INFO: CUSTOM THEME DISABLED
2026/01/04 14:23:39 logger.go:29: INFO: CUSTOM THEME DISABLED
2026/01/04 14:23:41 logger.go:29: INFO: CUSTOM THEME DISABLED
2026/01/04 14:23:41 logger.go:29: INFO: CUSTOM THEME DISABLED
2026/01/04 14:23:44 logger.go:29: INFO: CUSTOM THEME DISABLED
2026/01/04 14:23:44 logger.go:29: INFO: CUSTOM THEME DISABLED
2026/01/04 14:23:45 logger.go:29: INFO: CUSTOM THEME DISABLED
2026/01/04 14:23:45 logger.go:29: INFO: CUSTOM THEME DISABLED
2026/01/04 14:23:47 logger.go:29: INFO: CUSTOM THEME DISABLED
2026/01/04 14:24:32 logger.go:29: INFO: CUSTOM THEME DISABLED
2026/01/04 14:24:42 logger.go:29: INFO: CUSTOM THEME DISABLED
2026/01/04 14:25:00 logger.go:29: INFO: CUSTOM THEME DISABLED
2026/01/04 14:26:03 logger.go:29: INFO: CUSTOM THEME DISABLED
2026/01/04 14:26:08 logger.go:29: INFO: CUSTOM THEME DISABLED
2026/01/04 14:27:12 logger.go:29: INFO: CUSTOM THEME DISABLED
2026/01/04 14:27:20 logger.go:29: INFO: CUSTOM THEME DISABLED
2026/01/04 14:28:27 logger.go:29: INFO: CUSTOM THEME DISABLED
2026/01/04 14:28:29 logger.go:29: INFO: CUSTOM THEME DISABLED
2026/01/04 14:28:40 logger.go:29: INFO: CUSTOM THEME DISABLED
2026/01/04 14:29:17 logger.go:29: INFO: CUSTOM THEME DISABLED
2026/01/04 14:29:19 logger.go:29: INFO: CUSTOM THEME DISABLED
2026/01/04 14:30:20 logger.go:29: INFO: CUSTOM THEME DISABLED
2026/01/04 14:30:21 logger.go:29: INFO: CUSTOM THEME DISABLED
2026/01/04 14:30:23 logger.go:29: INFO: CUSTOM THEME DISABLED
2026/01/04 14:30:24 logger.go:29: INFO: CUSTOM THEME DISABLED
2026/01/04 14:30:26 logger.go:29: INFO: CUSTOM THEME DISABLED
2026/01/04 14:30:26 logger.go:29: INFO: Killing pid 120362, cmd clipse
2026/01/04 14:31:06 logger.go:29: INFO: CUSTOM THEME DISABLED
2026/01/04 14:31:15 logger.go:29: INFO: CUSTOM THEME DISABLED
2026/01/04 14:31:16 logger.go:29: INFO: CUSTOM THEME DISABLED
2026/01/04 14:31:24 logger.go:29: INFO: CUSTOM THEME DISABLED
2026/01/04 14:31:35 logger.go:29: INFO: CUSTOM THEME DISABLED
2026/01/04 14:31:41 logger.go:29: INFO: CUSTOM THEME DISABLED
2026/01/04 14:31:43 logger.go:29: INFO: CUSTOM THEME DISABLED
2026/01/04 14:32:14 logger.go:29: INFO: CUSTOM THEME DISABLED
2026/01/04 14:32:35 logger.go:29: INFO: CUSTOM THEME DISABLED
2026/01/04 14:32:37 logger.go:29: INFO: CUSTOM THEME DISABLED
2026/01/04 14:33:53 logger.go:29: INFO: CUSTOM THEME DISABLED
2026/01/04 14:33:54 logger.go:29: INFO: CUSTOM THEME DISABLED
2026/01/04 14:33:56 logger.go:29: INFO: CUSTOM THEME DISABLED
2026/01/04 14:33:57 logger.go:29: INFO: CUSTOM THEME DISABLED
2026/01/04 14:33:58 logger.go:29: INFO: CUSTOM THEME DISABLED
2026/01/04 14:34:00 logger.go:29: INFO: CUSTOM THEME DISABLED
2026/01/04 14:34:41 logger.go:29: INFO: CUSTOM THEME DISABLED
2026/01/04 14:34:56 logger.go:29: INFO: CUSTOM THEME DISABLED
2026/01/04 14:34:58 logger.go:29: INFO: CUSTOM THEME DISABLED
2026/01/04 14:34:58 logger.go:29: INFO: Killing pid 120894, cmd clipse
2026/01/04 14:35:00 logger.go:29: INFO: CUSTOM THEME DISABLED
2026/01/04 14:35:22 logger.go:29: INFO: CUSTOM THEME DISABLED
2026/01/04 14:35:45 logger.go:29: INFO: CUSTOM THEME DISABLED
2026/01/04 14:35:59 logger.go:29: INFO: CUSTOM THEME DISABLED
2026/01/04 14:35:59 logger.go:29: INFO: CUSTOM THEME DISABLED
2026/01/04 14:36:00 logger.go:29: INFO: CUSTOM THEME DISABLED
2026/01/04 14:36:07 logger.go:29: INFO: CUSTOM THEME DISABLED
2026/01/04 16:29:51 logger.go:29: INFO: CUSTOM THEME DISABLED
2026/01/04 16:37:25 logger.go:29: INFO: CUSTOM THEME DISABLED
2026/01/04 16:37:35 logger.go:29: INFO: CUSTOM THEME DISABLED
2026/01/04 16:38:58 logger.go:29: INFO: CUSTOM THEME DISABLED
2026/01/04 16:39:51 logger.go:29: INFO: CUSTOM THEME DISABLED
2026/01/04 16:40:06 logger.go:29: INFO: CUSTOM THEME DISABLED
2026/01/04 16:40:49 logger.go:29: INFO: CUSTOM THEME DISABLED
2026/01/04 16:41:03 logger.go:29: INFO: CUSTOM THEME DISABLED
2026/01/04 16:41:43 logger.go:29: INFO: CUSTOM THEME DISABLED
2026/01/04 16:41:45 logger.go:29: INFO: CUSTOM THEME DISABLED
2026/01/04 16:42:21 logger.go:29: INFO: CUSTOM THEME DISABLED
2026/01/04 16:42:53 logger.go:29: INFO: CUSTOM THEME DISABLED
2026/01/04 16:42:58 logger.go:29: INFO: CUSTOM THEME DISABLED
2026/01/04 16:43:38 logger.go:29: INFO: CUSTOM THEME DISABLED
2026/01/04 16:43:52 logger.go:29: INFO: CUSTOM THEME DISABLED
2026/01/04 16:45:02 logger.go:29: INFO: CUSTOM THEME DISABLED
2026/01/04 16:45:33 logger.go:29: INFO: CUSTOM THEME DISABLED
2026/01/04 16:45:58 logger.go:29: INFO: CUSTOM THEME DISABLED
2026/01/04 16:46:04 logger.go:29: INFO: CUSTOM THEME DISABLED
2026/01/04 16:46:04 logger.go:29: INFO: CUSTOM THEME DISABLED
2026/01/04 16:46:21 logger.go:29: INFO: CUSTOM THEME DISABLED
2026/01/04 16:46:51 logger.go:29: INFO: CUSTOM THEME DISABLED
2026/01/04 16:47:02 logger.go:29: INFO: CUSTOM THEME DISABLED
2026/01/04 16:47:03 logger.go:29: INFO: CUSTOM THEME DISABLED
2026/01/04 16:47:20 logger.go:29: INFO: CUSTOM THEME DISABLED
2026/01/04 16:47:50 logger.go:29: INFO: CUSTOM THEME DISABLED
2026/01/04 16:48:00 logger.go:29: INFO: CUSTOM THEME DISABLED
2026/01/04 16:48:01 logger.go:29: INFO: CUSTOM THEME DISABLED
2026/01/04 16:48:30 logger.go:29: INFO: CUSTOM THEME DISABLED
2026/01/04 16:48:49 logger.go:29: INFO: CUSTOM THEME DISABLED
2026/01/04 16:48:50 logger.go:29: INFO: CUSTOM THEME DISABLED
2026/01/04 16:49:07 logger.go:29: INFO: CUSTOM THEME DISABLED
2026/01/04 16:50:01 logger.go:29: INFO: CUSTOM THEME DISABLED
2026/01/04 16:50:02 logger.go:29: INFO: CUSTOM THEME DISABLED
2026/01/04 16:51:08 logger.go:29: INFO: CUSTOM THEME DISABLED
2026/01/04 16:51:41 logger.go:29: INFO: CUSTOM THEME DISABLED
2026/01/04 16:51:46 logger.go:29: INFO: CUSTOM THEME DISABLED
2026/01/04 16:51:49 logger.go:29: INFO: CUSTOM THEME DISABLED
2026/01/04 16:51:59 logger.go:29: INFO: CUSTOM THEME DISABLED
2026/01/04 16:53:04 logger.go:29: INFO: CUSTOM THEME DISABLED
2026/01/04 16:53:05 logger.go:29: INFO: CUSTOM THEME DISABLED
2026/01/04 16:53:36 logger.go:29: INFO: CUSTOM THEME DISABLED
2026/01/04 16:53:42 logger.go:29: INFO: CUSTOM THEME DISABLED
2026/01/04 16:54:12 logger.go:29: INFO: CUSTOM THEME DISABLED
2026/01/04 16:54:33 logger.go:29: INFO: CUSTOM THEME DISABLED
2026/01/04 16:54:42 logger.go:29: INFO: CUSTOM THEME DISABLED
2026/01/04 16:54:48 logger.go:29: INFO: CUSTOM THEME DISABLED
2026/01/04 16:54:50 logger.go:29: INFO: CUSTOM THEME DISABLED
2026/01/04 16:54:51 logger.go:29: INFO: CUSTOM THEME DISABLED
2026/01/04 16:55:04 logger.go:29: INFO: CUSTOM THEME DISABLED
2026/01/04 16:58:27 logger.go:29: INFO: CUSTOM THEME DISABLED
2026/01/04 16:58:52 logger.go:29: INFO: CUSTOM THEME DISABLED
2026/01/04 16:58:55 logger.go:29: INFO: CUSTOM THEME DISABLED
2026/01/04 17:00:45 logger.go:29: INFO: CUSTOM THEME DISABLED
2026/01/04 17:00:51 logger.go:29: INFO: CUSTOM THEME DISABLED
2026/01/04 17:01:27 logger.go:29: INFO: CUSTOM THEME DISABLED
2026/01/04 17:02:22 logger.go:29: INFO: CUSTOM THEME DISABLED
2026/01/04 17:03:36 logger.go:29: INFO: CUSTOM THEME DISABLED
2026/01/04 17:03:37 logger.go:29: INFO: CUSTOM THEME DISABLED
2026/01/04 17:05:29 logger.go:29: INFO: CUSTOM THEME DISABLED
2026/01/04 17:08:26 logger.go:29: INFO: CUSTOM THEME DISABLED
2026/01/04 17:10:43 logger.go:29: INFO: CUSTOM THEME DISABLED
2026/01/04 17:10:45 logger.go:29: INFO: CUSTOM THEME DISABLED
2026/01/04 23:26:02 logger.go:29: INFO: CUSTOM THEME DISABLED
2026/01/04 23:26:02 logger.go:29: INFO: CUSTOM THEME DISABLED
2026/01/04 23:26:02 logger.go:29: INFO: CUSTOM THEME DISABLED
2026/01/04 23:26:02 logger.go:37: WARN: Failed to get active window on Wayland: no suitable tool found (Hyprctl, Wlrctl)
2026/01/04 23:26:02 logger.go:37: WARN: Failed to get active window on Wayland: no suitable tool found (Hyprctl, Wlrctl)
2026/01/04 23:30:49 logger.go:29: INFO: CUSTOM THEME DISABLED
2026/01/04 23:31:28 logger.go:29: INFO: CUSTOM THEME DISABLED
2026/01/04 23:31:41 logger.go:29: INFO: CUSTOM THEME DISABLED
2026/01/04 23:32:35 logger.go:29: INFO: CUSTOM THEME DISABLED
2026/01/04 23:32:35 logger.go:29: INFO: CUSTOM THEME DISABLED
2026/01/04 23:35:58 logger.go:29: INFO: CUSTOM THEME DISABLED
2026/01/04 23:36:22 logger.go:29: INFO: CUSTOM THEME DISABLED
2026/01/04 23:36:35 logger.go:29: INFO: CUSTOM THEME DISABLED
2026/01/04 23:36:49 logger.go:29: INFO: CUSTOM THEME DISABLED
2026/01/04 23:36:50 logger.go:29: INFO: CUSTOM THEME DISABLED
2026/01/04 23:37:13 logger.go:29: INFO: CUSTOM THEME DISABLED
2026/01/04 23:37:15 logger.go:29: INFO: CUSTOM THEME DISABLED
2026/01/04 23:37:15 logger.go:29: INFO: CUSTOM THEME DISABLED
2026/01/04 23:37:15 logger.go:29: INFO: CUSTOM THEME DISABLED
2026/01/04 23:37:16 logger.go:29: INFO: CUSTOM THEME DISABLED
2026/01/04 23:37:47 logger.go:29: INFO: CUSTOM THEME DISABLED
2026/01/04 23:39:20 logger.go:29: INFO: CUSTOM THEME DISABLED
2026/01/04 23:39:51 logger.go:29: INFO: CUSTOM THEME DISABLED
2026/01/04 23:40:29 logger.go:29: INFO: CUSTOM THEME DISABLED
2026/01/04 23:40:35 logger.go:29: INFO: CUSTOM THEME DISABLED
2026/01/04 23:40:39 logger.go:29: INFO: CUSTOM THEME DISABLED
2026/01/04 23:40:40 logger.go:29: INFO: CUSTOM THEME DISABLED
2026/01/04 23:41:21 logger.go:29: INFO: CUSTOM THEME DISABLED
2026/01/04 23:42:02 logger.go:29: INFO: CUSTOM THEME DISABLED
2026/01/04 23:42:18 logger.go:29: INFO: CUSTOM THEME DISABLED
2026/01/04 23:42:25 logger.go:29: INFO: CUSTOM THEME DISABLED
2026/01/04 23:42:40 logger.go:29: INFO: CUSTOM THEME DISABLED
2026/01/04 23:43:15 logger.go:29: INFO: CUSTOM THEME DISABLED
2026/01/04 23:43:21 logger.go:29: INFO: CUSTOM THEME DISABLED
2026/01/04 23:44:18 logger.go:29: INFO: CUSTOM THEME DISABLED
2026/01/04 23:44:20 logger.go:29: INFO: CUSTOM THEME DISABLED
2026/01/04 23:44:33 logger.go:29: INFO: CUSTOM THEME DISABLED
2026/01/04 23:44:38 logger.go:29: INFO: CUSTOM THEME DISABLED
2026/01/04 23:45:23 logger.go:29: INFO: CUSTOM THEME DISABLED
2026/01/04 23:46:11 logger.go:29: INFO: CUSTOM THEME DISABLED
2026/01/04 23:46:24 logger.go:29: INFO: CUSTOM THEME DISABLED
2026/01/04 23:46:24 logger.go:29: INFO: CUSTOM THEME DISABLED
2026/01/04 23:46:50 logger.go:29: INFO: CUSTOM THEME DISABLED
2026/01/04 23:50:20 logger.go:29: INFO: CUSTOM THEME DISABLED
2026/01/04 23:50:59 logger.go:29: INFO: CUSTOM THEME DISABLED
2026/01/04 23:52:03 logger.go:29: INFO: CUSTOM THEME DISABLED
2026/01/04 23:52:16 logger.go:29: INFO: CUSTOM THEME DISABLED
2026/01/04 23:52:56 logger.go:29: INFO: CUSTOM THEME DISABLED
2026/01/04 23:55:13 logger.go:29: INFO: CUSTOM THEME DISABLED
2026/01/04 23:55:13 logger.go:29: INFO: CUSTOM THEME DISABLED
2026/01/04 23:56:02 logger.go:29: INFO: CUSTOM THEME DISABLED
2026/01/04 23:56:15 logger.go:29: INFO: CUSTOM THEME DISABLED
2026/01/04 23:56:15 logger.go:29: INFO: CUSTOM THEME DISABLED
2026/01/04 23:56:15 logger.go:29: INFO: CUSTOM THEME DISABLED
2026/01/04 23:56:15 logger.go:29: INFO: CUSTOM THEME DISABLED
2026/01/04 23:56:16 logger.go:29: INFO: CUSTOM THEME DISABLED
2026/01/04 23:56:16 logger.go:29: INFO: CUSTOM THEME DISABLED
2026/01/04 23:57:52 logger.go:29: INFO: CUSTOM THEME DISABLED
2026/01/04 23:58:30 logger.go:29: INFO: CUSTOM THEME DISABLED
2026/01/05 00:00:42 logger.go:29: INFO: CUSTOM THEME DISABLED
2026/01/05 00:00:43 logger.go:29: INFO: CUSTOM THEME DISABLED
2026/01/05 00:01:43 logger.go:29: INFO: CUSTOM THEME DISABLED
2026/01/05 00:01:44 logger.go:29: INFO: CUSTOM THEME DISABLED
2026/01/05 00:02:00 logger.go:29: INFO: CUSTOM THEME DISABLED
2026/01/05 00:04:29 logger.go:29: INFO: CUSTOM THEME DISABLED
2026/01/05 00:04:30 logger.go:29: INFO: CUSTOM THEME DISABLED
2026/01/05 00:04:31 logger.go:29: INFO: CUSTOM THEME DISABLED
2026/01/05 00:04:33 logger.go:29: INFO: CUSTOM THEME DISABLED
2026/01/05 00:04:33 logger.go:29: INFO: CUSTOM THEME DISABLED
2026/01/05 00:04:34 logger.go:29: INFO: CUSTOM THEME DISABLED
2026/01/05 00:04:35 logger.go:29: INFO: CUSTOM THEME DISABLED
2026/01/05 00:04:35 logger.go:29: INFO: CUSTOM THEME DISABLED
2026/01/05 00:04:35 logger.go:29: INFO: CUSTOM THEME DISABLED
2026/01/05 00:04:36 logger.go:29: INFO: CUSTOM THEME DISABLED
2026/01/05 00:04:36 logger.go:29: INFO: CUSTOM THEME DISABLED
2026/01/05 00:04:39 logger.go:29: INFO: CUSTOM THEME DISABLED
2026/01/05 00:05:07 logger.go:29: INFO: CUSTOM THEME DISABLED
2026/01/05 00:05:12 logger.go:29: INFO: CUSTOM THEME DISABLED
2026/01/05 00:05:13 logger.go:29: INFO: CUSTOM THEME DISABLED
2026/01/05 00:05:14 logger.go:29: INFO: CUSTOM THEME DISABLED
2026/01/05 00:06:21 logger.go:29: INFO: CUSTOM THEME DISABLED
2026/01/05 00:06:58 logger.go:29: INFO: CUSTOM THEME DISABLED
2026/01/05 00:06:59 logger.go:29: INFO: CUSTOM THEME DISABLED
2026/01/06 21:41:55 logger.go:29: INFO: CUSTOM THEME DISABLED
2026/01/07 10:21:10 logger.go:29: INFO: CUSTOM THEME DISABLED
2026/01/07 10:31:26 logger.go:29: INFO: CUSTOM THEME DISABLED
2026/01/07 10:31:51 logger.go:29: INFO: CUSTOM THEME DISABLED
2026/01/07 20:53:08 logger.go:29: INFO: CUSTOM THEME DISABLED
2026/01/07 20:53:46 logger.go:29: INFO: CUSTOM THEME DISABLED
2026/01/07 21:58:25 logger.go:29: INFO: CUSTOM THEME DISABLED
2026/01/07 22:00:40 logger.go:29: INFO: CUSTOM THEME DISABLED
2026/01/07 22:05:04 logger.go:29: INFO: CUSTOM THEME DISABLED
2026/01/07 22:47:49 logger.go:29: INFO: CUSTOM THEME DISABLED
2026/01/07 22:51:25 logger.go:29: INFO: CUSTOM THEME DISABLED
2026/01/07 22:51:26 logger.go:29: INFO: CUSTOM THEME DISABLED
2026/01/07 22:53:51 logger.go:29: INFO: CUSTOM THEME DISABLED
2026/01/07 22:53:51 logger.go:29: INFO: CUSTOM THEME DISABLED
2026/01/07 23:00:10 logger.go:29: INFO: CUSTOM THEME DISABLED
2026/01/07 23:05:25 logger.go:29: INFO: CUSTOM THEME DISABLED
2026/01/07 23:05:50 logger.go:29: INFO: CUSTOM THEME DISABLED
2026/01/07 23:05:58 logger.go:29: INFO: CUSTOM THEME DISABLED
2026/01/07 23:06:09 logger.go:29: INFO: CUSTOM THEME DISABLED
2026/01/07 23:06:44 logger.go:29: INFO: CUSTOM THEME DISABLED
2026/01/07 23:07:03 logger.go:29: INFO: CUSTOM THEME DISABLED
2026/01/07 23:09:12 logger.go:29: INFO: CUSTOM THEME DISABLED
2026/01/07 23:09:27 logger.go:29: INFO: CUSTOM THEME DISABLED
2026/01/08 23:56:22 logger.go:29: INFO: CUSTOM THEME DISABLED
2026/01/08 23:56:29 logger.go:29: INFO: CUSTOM THEME DISABLED
2026/01/08 23:57:17 logger.go:29: INFO: CUSTOM THEME DISABLED
2026/01/08 23:57:56 logger.go:29: INFO: CUSTOM THEME DISABLED
2026/01/08 23:57:56 logger.go:29: INFO: CUSTOM THEME DISABLED
2026/01/08 23:57:56 logger.go:29: INFO: CUSTOM THEME DISABLED
2026/01/08 23:57:56 logger.go:29: INFO: CUSTOM THEME DISABLED
2026/01/08 23:59:41 logger.go:29: INFO: CUSTOM THEME DISABLED
2026/01/08 23:59:56 logger.go:29: INFO: CUSTOM THEME DISABLED
2026/01/09 00:00:19 logger.go:29: INFO: CUSTOM THEME DISABLED
2026/01/09 00:01:12 logger.go:29: INFO: CUSTOM THEME DISABLED
2026/01/09 00:01:24 logger.go:29: INFO: CUSTOM THEME DISABLED
2026/01/09 00:03:07 logger.go:29: INFO: CUSTOM THEME DISABLED
2026/01/09 00:03:08 logger.go:29: INFO: CUSTOM THEME DISABLED
2026/01/09 00:03:22 logger.go:29: INFO: CUSTOM THEME DISABLED
2026/01/09 00:03:54 logger.go:29: INFO: CUSTOM THEME DISABLED
2026/01/09 00:03:54 logger.go:29: INFO: CUSTOM THEME DISABLED
2026/01/09 00:03:54 logger.go:29: INFO: CUSTOM THEME DISABLED
2026/01/09 00:03:54 logger.go:29: INFO: CUSTOM THEME DISABLED
2026/01/09 00:04:14 logger.go:29: INFO: CUSTOM THEME DISABLED
2026/01/09 00:05:35 logger.go:29: INFO: CUSTOM THEME DISABLED
2026/01/09 00:07:08 logger.go:29: INFO: CUSTOM THEME DISABLED
2026/01/09 00:07:08 logger.go:29: INFO: CUSTOM THEME DISABLED
2026/01/09 00:07:08 logger.go:29: INFO: CUSTOM THEME DISABLED
2026/01/09 00:07:09 logger.go:29: INFO: CUSTOM THEME DISABLED
2026/01/09 00:07:17 logger.go:29: INFO: CUSTOM THEME DISABLED
2026/01/09 00:08:34 logger.go:29: INFO: CUSTOM THEME DISABLED
2026/01/09 00:08:35 logger.go:29: INFO: CUSTOM THEME DISABLED
2026/01/09 00:08:35 logger.go:29: INFO: CUSTOM THEME DISABLED
2026/01/09 00:08:35 logger.go:29: INFO: CUSTOM THEME DISABLED
2026/01/09 00:09:10 logger.go:29: INFO: CUSTOM THEME DISABLED
2026/01/09 00:17:22 logger.go:29: INFO: CUSTOM THEME DISABLED
2026/01/09 00:24:51 logger.go:29: INFO: CUSTOM THEME DISABLED
2026/01/09 00:24:56 logger.go:29: INFO: CUSTOM THEME DISABLED
2026/01/09 00:26:45 logger.go:29: INFO: CUSTOM THEME DISABLED
2026/01/09 00:26:45 logger.go:29: INFO: CUSTOM THEME DISABLED
2026/01/09 00:26:45 logger.go:29: INFO: CUSTOM THEME DISABLED
2026/01/09 00:26:52 logger.go:29: INFO: CUSTOM THEME DISABLED
2026/01/09 00:26:53 logger.go:29: INFO: CUSTOM THEME DISABLED
2026/01/09 00:28:10 logger.go:29: INFO: CUSTOM THEME DISABLED
2026/01/09 00:28:10 logger.go:29: INFO: CUSTOM THEME DISABLED
2026/01/09 00:28:10 logger.go:29: INFO: CUSTOM THEME DISABLED
2026/01/09 00:28:10 logger.go:29: INFO: CUSTOM THEME DISABLED
2026/01/09 00:28:11 logger.go:29: INFO: CUSTOM THEME DISABLED
2026/01/09 00:29:53 logger.go:29: INFO: CUSTOM THEME DISABLED
2026/01/09 00:30:36 logger.go:29: INFO: CUSTOM THEME DISABLED
2026/01/09 00:30:37 logger.go:29: INFO: CUSTOM THEME DISABLED
2026/01/09 00:30:37 logger.go:29: INFO: CUSTOM THEME DISABLED
2026/01/09 00:30:37 logger.go:29: INFO: CUSTOM THEME DISABLED
2026/01/09 00:30:38 logger.go:29: INFO: CUSTOM THEME DISABLED
2026/01/09 00:30:38 logger.go:29: INFO: CUSTOM THEME DISABLED
2026/01/09 00:30:38 logger.go:29: INFO: CUSTOM THEME DISABLED
2026/01/09 00:30:40 logger.go:29: INFO: CUSTOM THEME DISABLED
2026/01/09 00:30:41 logger.go:29: INFO: CUSTOM THEME DISABLED
2026/01/09 00:30:41 logger.go:29: INFO: CUSTOM THEME DISABLED
2026/01/09 00:30:41 logger.go:29: INFO: CUSTOM THEME DISABLED
2026/01/09 00:30:41 logger.go:29: INFO: CUSTOM THEME DISABLED
2026/01/09 00:30:41 logger.go:29: INFO: CUSTOM THEME DISABLED
2026/01/09 00:30:50 logger.go:29: INFO: CUSTOM THEME DISABLED
2026/01/09 00:30:50 logger.go:29: INFO: CUSTOM THEME DISABLED
2026/01/09 00:30:58 logger.go:29: INFO: CUSTOM THEME DISABLED
2026/01/09 00:32:19 logger.go:29: INFO: CUSTOM THEME DISABLED
2026/01/09 00:33:09 logger.go:29: INFO: CUSTOM THEME DISABLED
2026/01/09 00:33:22 logger.go:29: INFO: CUSTOM THEME DISABLED
2026/01/09 00:33:26 logger.go:29: INFO: CUSTOM THEME DISABLED
2026/01/09 00:33:29 logger.go:29: INFO: CUSTOM THEME DISABLED
2026/01/09 00:33:34 logger.go:29: INFO: CUSTOM THEME DISABLED
2026/01/09 00:33:42 logger.go:29: INFO: CUSTOM THEME DISABLED
2026/01/09 00:33:51 logger.go:29: INFO: CUSTOM THEME DISABLED
2026/01/09 00:34:59 logger.go:29: INFO: CUSTOM THEME DISABLED
2026/01/09 00:35:15 logger.go:29: INFO: CUSTOM THEME DISABLED
2026/01/09 00:35:15 logger.go:29: INFO: CUSTOM THEME DISABLED
2026/01/09 00:35:20 logger.go:29: INFO: CUSTOM THEME DISABLED
2026/01/09 00:35:42 logger.go:29: INFO: CUSTOM THEME DISABLED
2026/01/09 00:36:08 logger.go:29: INFO: CUSTOM THEME DISABLED
2026/01/09 00:37:55 logger.go:29: INFO: CUSTOM THEME DISABLED
2026/01/09 00:37:56 logger.go:29: INFO: CUSTOM THEME DISABLED
2026/01/09 00:37:56 logger.go:29: INFO: CUSTOM THEME DISABLED
2026/01/09 00:38:04 logger.go:29: INFO: CUSTOM THEME DISABLED
2026/01/09 00:38:39 logger.go:29: INFO: CUSTOM THEME DISABLED
2026/01/09 00:38:39 logger.go:29: INFO: CUSTOM THEME DISABLED
2026/01/09 00:38:39 logger.go:29: INFO: CUSTOM THEME DISABLED
2026/01/09 00:38:40 logger.go:29: INFO: CUSTOM THEME DISABLED
2026/01/09 00:38:40 logger.go:29: INFO: CUSTOM THEME DISABLED
2026/01/09 00:38:41 logger.go:29: INFO: CUSTOM THEME DISABLED
2026/01/09 00:40:19 logger.go:29: INFO: CUSTOM THEME DISABLED
2026/01/09 00:40:20 logger.go:29: INFO: CUSTOM THEME DISABLED
2026/01/09 00:40:27 logger.go:29: INFO: CUSTOM THEME DISABLED
2026/01/09 00:40:52 logger.go:29: INFO: CUSTOM THEME DISABLED
2026/01/09 00:40:53 logger.go:29: INFO: CUSTOM THEME DISABLED
2026/01/09 00:41:19 logger.go:29: INFO: CUSTOM THEME DISABLED
2026/01/09 00:42:25 logger.go:29: INFO: CUSTOM THEME DISABLED
2026/01/09 00:43:30 logger.go:29: INFO: CUSTOM THEME DISABLED
2026/01/09 00:43:30 logger.go:29: INFO: CUSTOM THEME DISABLED
2026/01/09 00:43:31 logger.go:29: INFO: CUSTOM THEME DISABLED
2026/01/09 00:43:31 logger.go:29: INFO: CUSTOM THEME DISABLED
2026/01/09 00:43:31 logger.go:29: INFO: CUSTOM THEME DISABLED
2026/01/09 00:43:32 logger.go:29: INFO: CUSTOM THEME DISABLED
2026/01/09 00:43:39 logger.go:29: INFO: CUSTOM THEME DISABLED
2026/01/09 00:44:01 logger.go:29: INFO: CUSTOM THEME DISABLED
2026/01/09 00:44:05 logger.go:29: INFO: CUSTOM THEME DISABLED
2026/01/09 00:44:09 logger.go:29: INFO: CUSTOM THEME DISABLED
2026/01/09 00:44:27 logger.go:29: INFO: CUSTOM THEME DISABLED
2026/01/09 00:44:46 logger.go:29: INFO: CUSTOM THEME DISABLED
2026/01/09 00:44:49 logger.go:29: INFO: CUSTOM THEME DISABLED
2026/01/09 00:45:12 logger.go:29: INFO: CUSTOM THEME DISABLED
2026/01/09 00:45:32 logger.go:29: INFO: CUSTOM THEME DISABLED
2026/01/09 00:45:33 logger.go:29: INFO: CUSTOM THEME DISABLED
2026/01/09 00:45:33 logger.go:29: INFO: CUSTOM THEME DISABLED
2026/01/09 00:45:33 logger.go:29: INFO: CUSTOM THEME DISABLED
2026/01/09 00:45:33 logger.go:29: INFO: CUSTOM THEME DISABLED
2026/01/09 00:45:33 logger.go:29: INFO: CUSTOM THEME DISABLED
2026/01/09 00:45:34 logger.go:29: INFO: CUSTOM THEME DISABLED
2026/01/09 00:45:40 logger.go:29: INFO: CUSTOM THEME DISABLED
2026/01/09 00:45:40 logger.go:29: INFO: CUSTOM THEME DISABLED
2026/01/09 00:45:40 logger.go:29: INFO: CUSTOM THEME DISABLED
2026/01/09 00:45:45 logger.go:29: INFO: CUSTOM THEME DISABLED
2026/01/09 00:45:54 logger.go:29: INFO: CUSTOM THEME DISABLED
2026/01/09 00:45:57 logger.go:29: INFO: CUSTOM THEME DISABLED
2026/01/09 00:45:57 logger.go:29: INFO: CUSTOM THEME DISABLED
2026/01/09 00:45:57 logger.go:29: INFO: CUSTOM THEME DISABLED
2026/01/09 00:45:58 logger.go:29: INFO: CUSTOM THEME DISABLED
2026/01/09 00:45:58 logger.go:29: INFO: CUSTOM THEME DISABLED
2026/01/09 00:45:58 logger.go:29: INFO: CUSTOM THEME DISABLED
2026/01/09 00:45:59 logger.go:29: INFO: CUSTOM THEME DISABLED
2026/01/09 00:46:31 logger.go:29: INFO: CUSTOM THEME DISABLED
2026/01/09 00:46:55 logger.go:29: INFO: CUSTOM THEME DISABLED
2026/01/09 00:47:08 logger.go:29: INFO: CUSTOM THEME DISABLED
2026/01/09 00:47:08 logger.go:29: INFO: CUSTOM THEME DISABLED
2026/01/09 00:47:26 logger.go:29: INFO: CUSTOM THEME DISABLED
2026/01/09 00:47:27 logger.go:29: INFO: CUSTOM THEME DISABLED
2026/01/09 00:47:27 logger.go:29: INFO: CUSTOM THEME DISABLED
2026/01/09 00:47:27 logger.go:29: INFO: CUSTOM THEME DISABLED
2026/01/09 00:47:28 logger.go:29: INFO: CUSTOM THEME DISABLED
2026/01/09 00:47:41 logger.go:29: INFO: CUSTOM THEME DISABLED
2026/01/09 00:47:41 logger.go:29: INFO: CUSTOM THEME DISABLED
2026/01/09 00:47:41 logger.go:29: INFO: CUSTOM THEME DISABLED
2026/01/09 00:47:48 logger.go:29: INFO: CUSTOM THEME DISABLED
2026/01/09 00:47:48 logger.go:29: INFO: CUSTOM THEME DISABLED
2026/01/09 00:47:49 logger.go:29: INFO: CUSTOM THEME DISABLED
2026/01/09 00:49:29 logger.go:29: INFO: CUSTOM THEME DISABLED
2026/01/09 00:49:45 logger.go:29: INFO: CUSTOM THEME DISABLED
2026/01/09 00:50:13 logger.go:29: INFO: CUSTOM THEME DISABLED
2026/01/09 00:51:23 logger.go:29: INFO: CUSTOM THEME DISABLED
2026/01/09 00:51:52 logger.go:29: INFO: CUSTOM THEME DISABLED
2026/01/09 00:51:53 logger.go:29: INFO: CUSTOM THEME DISABLED
2026/01/09 00:52:43 logger.go:29: INFO: CUSTOM THEME DISABLED
2026/01/09 00:57:31 logger.go:29: INFO: CUSTOM THEME DISABLED
2026/01/09 00:58:31 logger.go:29: INFO: CUSTOM THEME DISABLED
2026/01/09 01:03:40 logger.go:29: INFO: CUSTOM THEME DISABLED
2026/01/09 01:03:58 logger.go:29: INFO: CUSTOM THEME DISABLED
2026/01/09 01:06:15 logger.go:29: INFO: CUSTOM THEME DISABLED
2026/01/09 01:06:16 logger.go:29: INFO: CUSTOM THEME DISABLED
2026/01/09 01:06:16 logger.go:29: INFO: CUSTOM THEME DISABLED
2026/01/09 01:06:16 logger.go:29: INFO: CUSTOM THEME DISABLED
2026/01/09 01:06:16 logger.go:29: INFO: CUSTOM THEME DISABLED
2026/01/09 01:06:17 logger.go:29: INFO: CUSTOM THEME DISABLED
2026/01/09 01:10:54 logger.go:29: INFO: CUSTOM THEME DISABLED
2026/01/09 01:10:55 logger.go:29: INFO: CUSTOM THEME DISABLED
2026/01/09 01:10:55 logger.go:29: INFO: CUSTOM THEME DISABLED
2026/01/09 01:10:55 logger.go:29: INFO: CUSTOM THEME DISABLED
2026/01/09 01:10:55 logger.go:29: INFO: CUSTOM THEME DISABLED
2026/01/09 01:10:56 logger.go:29: INFO: CUSTOM THEME DISABLED
2026/01/09 01:11:03 logger.go:29: INFO: CUSTOM THEME DISABLED
2026/01/09 01:11:22 logger.go:29: INFO: CUSTOM THEME DISABLED
2026/01/09 01:11:48 logger.go:29: INFO: CUSTOM THEME DISABLED
2026/01/09 01:11:49 logger.go:29: INFO: CUSTOM THEME DISABLED
2026/01/09 01:12:15 logger.go:29: INFO: CUSTOM THEME DISABLED
2026/01/09 01:12:15 logger.go:29: INFO: CUSTOM THEME DISABLED
2026/01/09 01:12:54 logger.go:29: INFO: CUSTOM THEME DISABLED
2026/01/09 01:12:58 logger.go:29: INFO: CUSTOM THEME DISABLED
2026/01/09 01:12:59 logger.go:29: INFO: CUSTOM THEME DISABLED
2026/01/09 01:12:59 logger.go:29: INFO: CUSTOM THEME DISABLED
2026/01/09 01:12:59 logger.go:29: INFO: CUSTOM THEME DISABLED
2026/01/09 01:12:59 logger.go:29: INFO: CUSTOM THEME DISABLED
2026/01/09 01:12:59 logger.go:29: INFO: CUSTOM THEME DISABLED
2026/01/09 01:12:59 logger.go:29: INFO: CUSTOM THEME DISABLED
2026/01/09 01:12:59 logger.go:29: INFO: CUSTOM THEME DISABLED
2026/01/09 01:12:59 logger.go:29: INFO: CUSTOM THEME DISABLED
2026/01/09 01:12:59 logger.go:29: INFO: CUSTOM THEME DISABLED
2026/01/09 01:12:59 logger.go:29: INFO: CUSTOM THEME DISABLED
2026/01/09 01:12:59 logger.go:29: INFO: CUSTOM THEME DISABLED
2026/01/09 01:12:59 logger.go:29: INFO: CUSTOM THEME DISABLED
2026/01/09 01:12:59 logger.go:29: INFO: CUSTOM THEME DISABLED
2026/01/09 01:12:59 logger.go:29: INFO: CUSTOM THEME DISABLED
2026/01/09 01:12:59 logger.go:29: INFO: CUSTOM THEME DISABLED
2026/01/09 01:12:59 logger.go:29: INFO: CUSTOM THEME DISABLED
2026/01/09 01:12:59 logger.go:29: INFO: CUSTOM THEME DISABLED
2026/01/09 01:12:59 logger.go:29: INFO: CUSTOM THEME DISABLED
2026/01/09 01:12:59 logger.go:29: INFO: CUSTOM THEME DISABLED
2026/01/09 01:12:59 logger.go:29: INFO: CUSTOM THEME DISABLED
2026/01/09 01:13:00 logger.go:29: INFO: CUSTOM THEME DISABLED
2026/01/09 01:13:00 logger.go:29: INFO: CUSTOM THEME DISABLED
2026/01/09 01:13:00 logger.go:29: INFO: CUSTOM THEME DISABLED
2026/01/09 01:13:07 logger.go:29: INFO: CUSTOM THEME DISABLED
2026/01/09 01:13:07 logger.go:29: INFO: CUSTOM THEME DISABLED
2026/01/09 01:13:08 logger.go:29: INFO: CUSTOM THEME DISABLED
2026/01/09 01:13:08 logger.go:29: INFO: CUSTOM THEME DISABLED
2026/01/09 01:13:08 logger.go:29: INFO: CUSTOM THEME DISABLED
2026/01/09 01:13:23 logger.go:29: INFO: CUSTOM THEME DISABLED
2026/01/09 01:15:53 logger.go:29: INFO: CUSTOM THEME DISABLED
2026/01/09 01:20:21 logger.go:29: INFO: CUSTOM THEME DISABLED
2026/01/09 01:20:33 logger.go:29: INFO: CUSTOM THEME DISABLED
2026/01/09 01:20:33 logger.go:29: INFO: CUSTOM THEME DISABLED
2026/01/09 01:20:33 logger.go:29: INFO: CUSTOM THEME DISABLED
2026/01/09 01:20:33 logger.go:29: INFO: CUSTOM THEME DISABLED
2026/01/09 01:20:33 logger.go:29: INFO: CUSTOM THEME DISABLED
2026/01/09 01:20:34 logger.go:29: INFO: CUSTOM THEME DISABLED
2026/01/09 01:20:34 logger.go:29: INFO: CUSTOM THEME DISABLED
2026/01/09 01:20:35 logger.go:29: INFO: CUSTOM THEME DISABLED
2026/01/09 01:20:37 logger.go:29: INFO: CUSTOM THEME DISABLED
2026/01/09 01:20:53 logger.go:29: INFO: CUSTOM THEME DISABLED
2026/01/09 01:20:54 logger.go:29: INFO: CUSTOM THEME DISABLED
2026/01/09 01:20:55 logger.go:29: INFO: CUSTOM THEME DISABLED
2026/01/09 01:20:55 logger.go:29: INFO: CUSTOM THEME DISABLED
2026/01/09 01:20:56 logger.go:29: INFO: CUSTOM THEME DISABLED
2026/01/09 01:23:40 logger.go:29: INFO: CUSTOM THEME DISABLED
2026/01/09 01:23:41 logger.go:29: INFO: CUSTOM THEME DISABLED
2026/01/09 01:23:42 logger.go:29: INFO: CUSTOM THEME DISABLED
2026/01/09 01:23:43 logger.go:29: INFO: CUSTOM THEME DISABLED
2026/01/09 01:23:43 logger.go:29: INFO: CUSTOM THEME DISABLED
2026/01/09 01:23:43 logger.go:29: INFO: CUSTOM THEME DISABLED
2026/01/09 01:24:17 logger.go:29: INFO: CUSTOM THEME DISABLED
2026/01/09 01:25:05 logger.go:29: INFO: CUSTOM THEME DISABLED
2026/01/09 01:25:06 logger.go:29: INFO: CUSTOM THEME DISABLED
2026/01/09 01:25:06 logger.go:29: INFO: CUSTOM THEME DISABLED
2026/01/09 01:25:06 logger.go:29: INFO: CUSTOM THEME DISABLED
2026/01/09 01:25:07 logger.go:29: INFO: CUSTOM THEME DISABLED
2026/01/09 01:25:07 logger.go:29: INFO: CUSTOM THEME DISABLED
2026/01/09 01:25:20 logger.go:29: INFO: CUSTOM THEME DISABLED
2026/01/09 01:29:13 logger.go:29: INFO: CUSTOM THEME DISABLED
2026/01/09 01:29:13 logger.go:29: INFO: CUSTOM THEME DISABLED
2026/01/09 01:29:13 logger.go:29: INFO: CUSTOM THEME DISABLED
2026/01/09 01:29:13 logger.go:29: INFO: CUSTOM THEME DISABLED
2026/01/09 01:29:14 logger.go:29: INFO: CUSTOM THEME DISABLED
2026/01/09 01:30:36 logger.go:29: INFO: CUSTOM THEME DISABLED
2026/01/09 15:48:55 logger.go:29: INFO: CUSTOM THEME DISABLED
2026/01/10 00:50:15 logger.go:29: INFO: CUSTOM THEME DISABLED
2026/01/10 00:50:24 logger.go:29: INFO: CUSTOM THEME DISABLED
2026/01/10 00:50:26 logger.go:29: INFO: CUSTOM THEME DISABLED
2026/01/10 00:56:50 logger.go:29: INFO: CUSTOM THEME DISABLED
2026/01/10 00:56:50 logger.go:29: INFO: CUSTOM THEME DISABLED
2026/01/10 00:56:50 logger.go:29: INFO: CUSTOM THEME DISABLED
2026/01/10 00:56:53 logger.go:29: INFO: CUSTOM THEME DISABLED
2026/01/10 00:57:26 logger.go:29: INFO: CUSTOM THEME DISABLED
2026/01/10 00:57:26 logger.go:29: INFO: CUSTOM THEME DISABLED
2026/01/10 00:57:26 logger.go:29: INFO: CUSTOM THEME DISABLED
2026/01/10 00:58:10 logger.go:29: INFO: CUSTOM THEME DISABLED
2026/01/10 00:58:11 logger.go:29: INFO: CUSTOM THEME DISABLED
2026/01/10 00:58:11 logger.go:29: INFO: CUSTOM THEME DISABLED
2026/01/10 01:01:10 logger.go:29: INFO: CUSTOM THEME DISABLED
2026/01/10 01:01:11 logger.go:29: INFO: CUSTOM THEME DISABLED
2026/01/10 01:01:11 logger.go:29: INFO: CUSTOM THEME DISABLED
2026/01/10 01:02:21 logger.go:29: INFO: CUSTOM THEME DISABLED
2026/01/10 01:04:14 logger.go:29: INFO: CUSTOM THEME DISABLED
2026/01/10 01:04:15 logger.go:29: INFO: CUSTOM THEME DISABLED
2026/01/10 01:04:17 logger.go:29: INFO: CUSTOM THEME DISABLED
2026/01/10 01:04:34 logger.go:29: INFO: CUSTOM THEME DISABLED
2026/01/10 01:04:46 logger.go:29: INFO: CUSTOM THEME DISABLED
2026/01/10 01:04:50 logger.go:29: INFO: CUSTOM THEME DISABLED
2026/01/10 01:04:52 logger.go:29: INFO: CUSTOM THEME DISABLED
2026/01/10 01:04:52 logger.go:29: INFO: Killing pid 61807, cmd clipse
2026/01/10 01:05:12 logger.go:29: INFO: CUSTOM THEME DISABLED
2026/01/10 01:05:19 logger.go:29: INFO: CUSTOM THEME DISABLED
2026/01/10 01:05:27 logger.go:29: INFO: CUSTOM THEME DISABLED
2026/01/10 01:06:02 logger.go:29: INFO: CUSTOM THEME DISABLED
2026/01/10 01:06:14 logger.go:29: INFO: CUSTOM THEME DISABLED
2026/01/10 01:06:36 logger.go:29: INFO: CUSTOM THEME DISABLED
2026/01/10 01:06:52 logger.go:29: INFO: CUSTOM THEME DISABLED
2026/01/10 01:06:52 logger.go:29: INFO: CUSTOM THEME DISABLED
2026/01/10 01:06:55 logger.go:29: INFO: CUSTOM THEME DISABLED
2026/01/10 01:07:14 logger.go:29: INFO: CUSTOM THEME DISABLED
2026/01/10 01:07:19 logger.go:29: INFO: CUSTOM THEME DISABLED
2026/01/10 01:07:27 logger.go:29: INFO: CUSTOM THEME DISABLED
2026/01/10 01:07:29 logger.go:29: INFO: CUSTOM THEME DISABLED
2026/01/10 01:08:53 logger.go:29: INFO: CUSTOM THEME DISABLED
2026/01/10 01:09:04 logger.go:29: INFO: CUSTOM THEME DISABLED
2026/01/10 01:09:16 logger.go:29: INFO: CUSTOM THEME DISABLED
2026/01/10 01:10:02 logger.go:29: INFO: CUSTOM THEME DISABLED
2026/01/10 01:10:04 logger.go:29: INFO: CUSTOM THEME DISABLED
2026/01/10 01:10:06 logger.go:29: INFO: CUSTOM THEME DISABLED
2026/01/10 01:10:28 logger.go:29: INFO: CUSTOM THEME DISABLED
2026/01/10 01:10:35 logger.go:29: INFO: CUSTOM THEME DISABLED
2026/01/10 01:11:02 logger.go:29: INFO: CUSTOM THEME DISABLED
2026/01/10 01:11:13 logger.go:29: INFO: CUSTOM THEME DISABLED
2026/01/10 01:11:16 logger.go:29: INFO: CUSTOM THEME DISABLED
2026/01/10 01:11:27 logger.go:29: INFO: CUSTOM THEME DISABLED
2026/01/10 01:12:17 logger.go:29: INFO: CUSTOM THEME DISABLED
2026/01/10 01:13:00 logger.go:29: INFO: CUSTOM THEME DISABLED
2026/01/10 01:13:01 logger.go:29: INFO: CUSTOM THEME DISABLED
2026/01/10 01:14:38 logger.go:29: INFO: CUSTOM THEME DISABLED
2026/01/10 01:14:50 logger.go:29: INFO: CUSTOM THEME DISABLED
2026/01/10 01:17:43 logger.go:29: INFO: CUSTOM THEME DISABLED
2026/01/10 01:17:54 logger.go:29: INFO: CUSTOM THEME DISABLED
2026/01/10 01:17:55 logger.go:29: INFO: CUSTOM THEME DISABLED
2026/01/10 01:17:55 logger.go:29: INFO: CUSTOM THEME DISABLED
2026/01/10 01:17:55 logger.go:29: INFO: CUSTOM THEME DISABLED
2026/01/10 01:18:03 logger.go:29: INFO: CUSTOM THEME DISABLED
2026/01/10 01:18:03 logger.go:29: INFO: CUSTOM THEME DISABLED
2026/01/10 01:18:04 logger.go:29: INFO: CUSTOM THEME DISABLED
2026/01/10 01:18:09 logger.go:29: INFO: CUSTOM THEME DISABLED
2026/01/10 01:18:12 logger.go:29: INFO: CUSTOM THEME DISABLED
2026/01/10 01:18:56 logger.go:29: INFO: CUSTOM THEME DISABLED
2026/01/10 01:19:04 logger.go:29: INFO: CUSTOM THEME DISABLED
2026/01/10 01:19:30 logger.go:29: INFO: CUSTOM THEME DISABLED
2026/01/10 01:19:33 logger.go:29: INFO: CUSTOM THEME DISABLED
2026/01/10 01:20:17 logger.go:29: INFO: CUSTOM THEME DISABLED
2026/01/10 01:20:18 logger.go:29: INFO: CUSTOM THEME DISABLED
2026/01/10 01:20:18 logger.go:29: INFO: CUSTOM THEME DISABLED
2026/01/10 01:20:18 logger.go:29: INFO: CUSTOM THEME DISABLED
2026/01/10 01:20:18 logger.go:29: INFO: CUSTOM THEME DISABLED
2026/01/10 01:20:18 logger.go:29: INFO: CUSTOM THEME DISABLED
2026/01/10 01:20:18 logger.go:29: INFO: CUSTOM THEME DISABLED
2026/01/10 01:20:18 logger.go:29: INFO: CUSTOM THEME DISABLED
2026/01/10 01:20:18 logger.go:29: INFO: CUSTOM THEME DISABLED
2026/01/10 01:20:18 logger.go:29: INFO: CUSTOM THEME DISABLED
2026/01/10 01:20:18 logger.go:29: INFO: CUSTOM THEME DISABLED
2026/01/10 01:20:19 logger.go:29: INFO: CUSTOM THEME DISABLED
2026/01/10 01:20:19 logger.go:29: INFO: CUSTOM THEME DISABLED
2026/01/10 01:20:23 logger.go:29: INFO: CUSTOM THEME DISABLED
2026/01/10 01:20:26 logger.go:29: INFO: CUSTOM THEME DISABLED
2026/01/10 01:20:28 logger.go:29: INFO: CUSTOM THEME DISABLED
2026/01/10 01:20:48 logger.go:29: INFO: CUSTOM THEME DISABLED
2026/01/10 01:20:48 logger.go:29: INFO: CUSTOM THEME DISABLED
2026/01/10 01:20:48 logger.go:29: INFO: CUSTOM THEME DISABLED
2026/01/10 01:20:48 logger.go:29: INFO: CUSTOM THEME DISABLED
2026/01/10 01:20:48 logger.go:29: INFO: CUSTOM THEME DISABLED
2026/01/10 01:20:48 logger.go:29: INFO: CUSTOM THEME DISABLED
2026/01/10 01:20:49 logger.go:29: INFO: CUSTOM THEME DISABLED
2026/01/10 01:20:49 logger.go:29: INFO: CUSTOM THEME DISABLED
2026/01/10 01:20:49 logger.go:29: INFO: CUSTOM THEME DISABLED
2026/01/10 01:20:49 logger.go:29: INFO: CUSTOM THEME DISABLED
2026/01/10 01:20:49 logger.go:29: INFO: CUSTOM THEME DISABLED
2026/01/10 01:20:49 logger.go:29: INFO: CUSTOM THEME DISABLED
2026/01/10 01:20:49 logger.go:29: INFO: CUSTOM THEME DISABLED
2026/01/10 01:20:49 logger.go:29: INFO: CUSTOM THEME DISABLED
2026/01/10 01:20:50 logger.go:29: INFO: CUSTOM THEME DISABLED
2026/01/10 01:21:17 logger.go:29: INFO: CUSTOM THEME DISABLED
2026/01/10 01:21:27 logger.go:29: INFO: CUSTOM THEME DISABLED
2026/01/10 01:21:56 logger.go:29: INFO: CUSTOM THEME DISABLED
2026/01/10 01:22:05 logger.go:29: INFO: CUSTOM THEME DISABLED
2026/01/10 01:22:09 logger.go:29: INFO: CUSTOM THEME DISABLED
2026/01/10 01:22:35 logger.go:29: INFO: CUSTOM THEME DISABLED
2026/01/10 01:22:36 logger.go:29: INFO: CUSTOM THEME DISABLED
2026/01/10 01:22:37 logger.go:29: INFO: CUSTOM THEME DISABLED
2026/01/10 01:22:59 logger.go:29: INFO: CUSTOM THEME DISABLED
2026/01/10 01:23:10 logger.go:29: INFO: CUSTOM THEME DISABLED
2026/01/10 01:23:10 logger.go:29: INFO: CUSTOM THEME DISABLED
2026/01/10 01:23:10 logger.go:29: INFO: CUSTOM THEME DISABLED
2026/01/10 01:23:14 logger.go:29: INFO: CUSTOM THEME DISABLED
2026/01/10 01:23:23 logger.go:29: INFO: CUSTOM THEME DISABLED
2026/01/10 01:23:23 logger.go:29: INFO: CUSTOM THEME DISABLED
2026/01/10 01:23:25 logger.go:29: INFO: CUSTOM THEME DISABLED
2026/01/10 01:23:32 logger.go:29: INFO: CUSTOM THEME DISABLED
2026/01/10 01:23:38 logger.go:29: INFO: CUSTOM THEME DISABLED
2026/01/10 01:23:41 logger.go:29: INFO: CUSTOM THEME DISABLED
2026/01/10 01:23:43 logger.go:29: INFO: CUSTOM THEME DISABLED
2026/01/10 01:23:45 logger.go:29: INFO: CUSTOM THEME DISABLED
2026/01/10 01:23:49 logger.go:29: INFO: CUSTOM THEME DISABLED
2026/01/10 01:23:52 logger.go:29: INFO: CUSTOM THEME DISABLED
2026/01/10 01:23:55 logger.go:29: INFO: CUSTOM THEME DISABLED
2026/01/10 01:23:57 logger.go:29: INFO: CUSTOM THEME DISABLED
2026/01/10 01:24:00 logger.go:29: INFO: CUSTOM THEME DISABLED
2026/01/10 01:24:12 logger.go:29: INFO: CUSTOM THEME DISABLED
2026/01/10 01:24:22 logger.go:29: INFO: CUSTOM THEME DISABLED
2026/01/10 01:24:37 logger.go:29: INFO: CUSTOM THEME DISABLED
2026/01/10 01:24:39 logger.go:29: INFO: CUSTOM THEME DISABLED
2026/01/10 01:25:12 logger.go:29: INFO: CUSTOM THEME DISABLED
2026/01/10 01:25:25 logger.go:29: INFO: CUSTOM THEME DISABLED
2026/01/10 01:25:33 logger.go:29: INFO: CUSTOM THEME DISABLED
2026/01/10 01:26:14 logger.go:29: INFO: CUSTOM THEME DISABLED
2026/01/10 01:26:32 logger.go:29: INFO: CUSTOM THEME DISABLED
2026/01/10 01:26:32 logger.go:29: INFO: CUSTOM THEME DISABLED
2026/01/10 01:26:44 logger.go:29: INFO: CUSTOM THEME DISABLED
2026/01/10 01:26:46 logger.go:29: INFO: CUSTOM THEME DISABLED
2026/01/10 01:26:46 logger.go:29: INFO: CUSTOM THEME DISABLED
2026/01/10 01:26:47 logger.go:29: INFO: CUSTOM THEME DISABLED
2026/01/10 01:28:08 logger.go:29: INFO: CUSTOM THEME DISABLED
2026/01/10 01:28:26 logger.go:29: INFO: CUSTOM THEME DISABLED
2026/01/10 01:28:29 logger.go:29: INFO: CUSTOM THEME DISABLED
2026/01/10 01:28:29 logger.go:29: INFO: CUSTOM THEME DISABLED
2026/01/10 01:28:29 logger.go:29: INFO: CUSTOM THEME DISABLED
2026/01/10 01:28:29 logger.go:29: INFO: CUSTOM THEME DISABLED
2026/01/10 01:28:29 logger.go:29: INFO: CUSTOM THEME DISABLED
2026/01/10 01:28:30 logger.go:29: INFO: CUSTOM THEME DISABLED
2026/01/10 01:28:32 logger.go:29: INFO: CUSTOM THEME DISABLED
2026/01/10 01:28:32 logger.go:29: INFO: CUSTOM THEME DISABLED
2026/01/10 01:33:24 logger.go:29: INFO: CUSTOM THEME DISABLED
2026/01/10 01:33:53 logger.go:29: INFO: CUSTOM THEME DISABLED
2026/01/10 01:35:01 logger.go:29: INFO: CUSTOM THEME DISABLED
2026/01/10 01:35:30 logger.go:29: INFO: CUSTOM THEME DISABLED
2026/01/10 01:35:40 logger.go:29: INFO: CUSTOM THEME DISABLED
2026/01/10 01:35:41 logger.go:29: INFO: CUSTOM THEME DISABLED
2026/01/10 01:37:05 logger.go:29: INFO: CUSTOM THEME DISABLED
2026/01/10 01:37:06 logger.go:29: INFO: CUSTOM THEME DISABLED
2026/01/10 01:37:06 logger.go:29: INFO: CUSTOM THEME DISABLED
2026/01/10 01:37:07 logger.go:29: INFO: CUSTOM THEME DISABLED
2026/01/10 01:37:08 logger.go:29: INFO: CUSTOM THEME DISABLED
2026/01/10 01:37:17 logger.go:29: INFO: CUSTOM THEME DISABLED
2026/01/10 01:37:41 logger.go:29: INFO: CUSTOM THEME DISABLED
2026/01/10 01:37:57 logger.go:29: INFO: CUSTOM THEME DISABLED
2026/01/10 01:38:53 logger.go:29: INFO: CUSTOM THEME DISABLED
2026/01/10 01:38:53 logger.go:29: INFO: CUSTOM THEME DISABLED
2026/01/10 01:38:57 logger.go:29: INFO: CUSTOM THEME DISABLED
